<?xml version="1.0" encoding="UTF-8"?>
<!-- Generated by org.testng.reporters.JUnitReportReporter -->
<testsuite hostname="A210711" name="CountriesRestTests.GetTest" tests="1" failures="0" timestamp="15 Jun 2016 11:35:07 GMT" time="3.347" errors="0">
  <testcase name="getRequestFindCapital" time="3.347" classname="CountriesRestTests.GetTest"/>
</testsuite> <!-- CountriesRestTests.GetTest -->
